<?xml version="1.0" encoding="UTF-8"?>
<!-- Generated by org.testng.reporters.JUnitReportReporter -->
<testsuite hostname="VUHL-4F39273" failures="0" tests="4" name="Test.LoginTest" time="0.991" errors="0" timestamp="2023-03-14T15:40:41 CDT" skipped="0">
  <testcase classname="Test.LoginTest" name="Account" time="0.277"/>
  <system-out/>
  <testcase classname="Test.LoginTest" name="AccountSearch" time="0.144"/>
  <system-out/>
  <testcase classname="Test.LoginTest" name="AccountVerify" time="0.000"/>
  <system-out/>
  <testcase classname="Test.LoginTest" name="AccountClick" time="0.570"/>
  <system-out/>
</testsuite> <!-- Test.LoginTest -->
