<?xml version="1.0" encoding="UTF-8"?>
<!-- Generated by org.testng.reporters.JUnitReportReporter -->
<testsuite hostname="VUHL-4F39273" failures="0" tests="1" name="Test.LoginTest" time="0.281" errors="0" timestamp="2023-01-07T17:11:08 CST" skipped="0">
  <testcase classname="Test.LoginTest" name="Account" time="0.281"/>
  <system-out/>
</testsuite> <!-- Test.LoginTest -->
