<?xml version="1.0" encoding="UTF-8"?>
<!-- Generated by org.testng.reporters.JUnitReportReporter -->
<testsuite hostname="VUHL-4F39273" failures="0" tests="4" name="Test.LoginTest" time="27.033" errors="0" timestamp="2023-05-09T11:08:07 CDT" skipped="0">
  <testcase classname="Test.LoginTest" name="AccountSearch" time="4.219"/>
  <system-out/>
  <testcase classname="Test.LoginTest" name="Account" time="10.094"/>
  <system-out/>
  <testcase classname="Test.LoginTest" name="AccountVerify" time="4.518"/>
  <system-out/>
  <testcase classname="Test.LoginTest" name="AccountClick" time="8.202"/>
  <system-out/>
</testsuite> <!-- Test.LoginTest -->
