<?xml version="1.0" encoding="UTF-8"?>
<!-- Generated by org.testng.reporters.JUnitReportReporter -->
<testsuite hostname="VUHL-4F39273" failures="0" tests="4" name="Test.LoginVerify" time="0.002" errors="0" timestamp="2023-03-14T15:40:41 CDT" skipped="0">
  <testcase classname="Test.LoginVerify" name="LoginVerifyAccount" time="0.000"/>
  <system-out/>
  <testcase classname="Test.LoginVerify" name="LoginVerifyAccountSearch" time="0.001"/>
  <system-out/>
  <testcase classname="Test.LoginVerify" name="LoginVerifyAccountVerify" time="0.000"/>
  <system-out/>
  <testcase classname="Test.LoginVerify" name="LoginVerifyAccountClick" time="0.001"/>
  <system-out/>
</testsuite> <!-- Test.LoginVerify -->
